Traceback (most recent call last):
  File "/home/lucian/Netfoundry/working_folder/server.py", line 520, in <module>
    server = HTTPServer(('localhost', 8000), NetworkRequestHandler)
  File "/usr/lib/python3.13/socketserver.py", line 457, in __init__
    self.server_bind()
    ~~~~~~~~~~~~~~~~^^
  File "/usr/lib/python3.13/http/server.py", line 136, in server_bind
    socketserver.TCPServer.server_bind(self)
    ~~~~~~~~~~~~~~~~~~~~~~~~~~~~~~~~~~^^^^^^
  File "/usr/lib/python3.13/socketserver.py", line 478, in server_bind
    self.socket.bind(self.server_address)
    ~~~~~~~~~~~~~~~~^^^^^^^^^^^^^^^^^^^^^
OSError: [Errno 98] Address already in use
Server running on http://localhost:8000
Note: Traffic capture requires sudo privileges for tshark
Set NETWORK_INTERFACE environment variable to specify interface (default: en0)
Server running on http://localhost:8000
Note: Traffic capture requires sudo privileges for tshark
Set NETWORK_INTERFACE environment variable to specify interface (default: en0)
----------------------------------------
Exception occurred during processing of request from ('127.0.0.1', 45574)
Traceback (most recent call last):
  File "/home/lucian/Netfoundry/working_folder/server.py", line 338, in handle_stop_traffic
    self.send_json_response({'success': True, 'message': 'Traffic capture stopped'})
    ~~~~~~~~~~~~~~~~~~~~~~~^^^^^^^^^^^^^^^^^^^^^^^^^^^^^^^^^^^^^^^^^^^^^^^^^^^^^^^^^
  File "/home/lucian/Netfoundry/working_folder/server.py", line 494, in send_json_response
    self.wfile.write(json_data)
    ~~~~~~~~~~~~~~~~^^^^^^^^^^^
  File "/usr/lib/python3.13/socketserver.py", line 845, in write
    self._sock.sendall(b)
    ~~~~~~~~~~~~~~~~~~^^^
BrokenPipeError: [Errno 32] Broken pipe

During handling of the above exception, another exception occurred:

Traceback (most recent call last):
  File "/usr/lib/python3.13/socketserver.py", line 318, in _handle_request_noblock
    self.process_request(request, client_address)
    ~~~~~~~~~~~~~~~~~~~~^^^^^^^^^^^^^^^^^^^^^^^^^
  File "/usr/lib/python3.13/socketserver.py", line 349, in process_request
    self.finish_request(request, client_address)
    ~~~~~~~~~~~~~~~~~~~^^^^^^^^^^^^^^^^^^^^^^^^^
  File "/usr/lib/python3.13/socketserver.py", line 362, in finish_request
    self.RequestHandlerClass(request, client_address, self)
    ~~~~~~~~~~~~~~~~~~~~~~~~^^^^^^^^^^^^^^^^^^^^^^^^^^^^^^^
  File "/usr/lib/python3.13/socketserver.py", line 766, in __init__
    self.handle()
    ~~~~~~~~~~~^^
  File "/usr/lib/python3.13/http/server.py", line 436, in handle
    self.handle_one_request()
    ~~~~~~~~~~~~~~~~~~~~~~~^^
  File "/usr/lib/python3.13/http/server.py", line 424, in handle_one_request
    method()
    ~~~~~~^^
  File "/home/lucian/Netfoundry/working_folder/server.py", line 45, in do_POST
    self.handle_stop_traffic()
    ~~~~~~~~~~~~~~~~~~~~~~~~^^
  File "/home/lucian/Netfoundry/working_folder/server.py", line 342, in handle_stop_traffic
    self.send_json_response({'error': str(e)}, 500)
    ~~~~~~~~~~~~~~~~~~~~~~~^^^^^^^^^^^^^^^^^^^^^^^^
  File "/home/lucian/Netfoundry/working_folder/server.py", line 493, in send_json_response
    self.end_headers()
    ~~~~~~~~~~~~~~~~^^
  File "/usr/lib/python3.13/http/server.py", line 538, in end_headers
    self.flush_headers()
    ~~~~~~~~~~~~~~~~~~^^
  File "/usr/lib/python3.13/http/server.py", line 542, in flush_headers
    self.wfile.write(b"".join(self._headers_buffer))
    ~~~~~~~~~~~~~~~~^^^^^^^^^^^^^^^^^^^^^^^^^^^^^^^^
  File "/usr/lib/python3.13/socketserver.py", line 845, in write
    self._sock.sendall(b)
    ~~~~~~~~~~~~~~~~~~^^^
BrokenPipeError: [Errno 32] Broken pipe
----------------------------------------
Server running on http://localhost:8000
Note: Traffic capture requires sudo privileges for tshark
Set NETWORK_INTERFACE environment variable to specify interface (default: en0)
Server running on http://localhost:8000
Note: Traffic capture requires sudo privileges for tshark
Set NETWORK_INTERFACE environment variable to specify interface (default: en0)
